# JRE version: OpenJDK Runtime Environment (10.0.2+13) (build 10.0.2+13-Ubuntu-1ubuntu0.18.04.2)
# Java VM: OpenJDK 64-Bit Server VM (10.0.2+13-Ubuntu-1ubuntu0.18.04.2, mixed mode, tiered, compressed oops, g1 gc, linux-amd64)
Heap:
 garbage-first heap   total 286720K, used 44254K [0x00000000c0000000, 0x0000000100000000)
  region size 1024K, 5 young (5120K), 5 survivors (5120K)
 Metaspace       used 5532K, capacity 5632K, committed 5888K, reserved 1056768K
  class space    used 464K, capacity 496K, committed 512K, reserved 1048576K
GC Heap History (10 events):
Event: 0.440 GC heap after
{Heap after GC invocations=4 (full 0):
 garbage-first heap   total 61440K, used 17016K [0x00000000c0000000, 0x0000000100000000)
  region size 1024K, 4 young (4096K), 4 survivors (4096K)
 Metaspace       used 5513K, capacity 5568K, committed 5632K, reserved 1056768K
  class space    used 464K, capacity 496K, committed 512K, reserved 1048576K
}
Event: 0.481 GC heap before
{Heap before GC invocations=4 (full 0):
 garbage-first heap   total 61440K, used 41592K [0x00000000c0000000, 0x0000000100000000)
  region size 1024K, 28 young (28672K), 4 survivors (4096K)
 Metaspace       used 5515K, capacity 5568K, committed 5632K, reserved 1056768K
  class space    used 464K, capacity 496K, committed 512K, reserved 1048576K
}
Event: 0.491 GC heap after
{Heap after GC invocations=5 (full 0):
 garbage-first heap   total 122880K, used 20542K [0x00000000c0000000, 0x0000000100000000)
  region size 1024K, 4 young (4096K), 4 survivors (4096K)
 Metaspace       used 5515K, capacity 5568K, committed 5632K, reserved 1056768K
  class space    used 464K, capacity 496K, committed 512K, reserved 1048576K
}
Event: 0.558 GC heap before
{Heap before GC invocations=5 (full 0):
 garbage-first heap   total 122880K, used 64574K [0x00000000c0000000, 0x0000000100000000)
  region size 1024K, 46 young (47104K), 4 survivors (4096K)
 Metaspace       used 5524K, capacity 5568K, committed 5632K, reserved 1056768K
  class space    used 464K, capacity 496K, committed 512K, reserved 1048576K
}
Event: 0.571 GC heap after
{Heap after GC invocations=6 (full 0):
 garbage-first heap   total 122880K, used 27120K [0x00000000c0000000, 0x0000000100000000)
  region size 1024K, 6 young (6144K), 6 survivors (6144K)
 Metaspace       used 5524K, capacity 5568K, committed 5632K, reserved 1056768K
  class space    used 464K, capacity 496K, committed 512K, reserved 1048576K
}
Event: 0.624 GC heap before
{Heap before GC invocations=6 (full 0):
 garbage-first heap   total 122880K, used 76272K [0x00000000c0000000, 0x0000000100000000)
  region size 1024K, 54 young (55296K), 6 survivors (6144K)
 Metaspace       used 5526K, capacity 5568K, committed 5632K, reserved 1056768K
  class space    used 464K, capacity 496K, committed 512K, reserved 1048576K
}
Event: 0.642 GC heap after
{Heap after GC invocations=7 (full 0):
 garbage-first heap   total 122880K, used 33254K [0x00000000c0000000, 0x0000000100000000)
  region size 1024K, 6 young (6144K), 6 survivors (6144K)
 Metaspace       used 5526K, capacity 5568K, committed 5632K, reserved 1056768K
  class space    used 464K, capacity 496K, committed 512K, reserved 1048576K
}
Event: 0.688 GC heap before
{Heap before GC invocations=7 (full 0):
 garbage-first heap   total 122880K, used 82406K [0x00000000c0000000, 0x0000000100000000)
  region size 1024K, 54 young (55296K), 6 survivors (6144K)
 Metaspace       used 5527K, capacity 5568K, committed 5632K, reserved 1056768K
  class space    used 464K, capacity 496K, committed 512K, reserved 1048576K
}
Event: 0.704 GC heap after
{Heap after GC invocations=8 (full 0):
 garbage-first heap   total 122880K, used 39058K [0x00000000c0000000, 0x0000000100000000)
  region size 1024K, 6 young (6144K), 6 survivors (6144K)
 Metaspace       used 5527K, capacity 5568K, committed 5632K, reserved 1056768K
  class space    used 464K, capacity 496K, committed 512K, reserved 1048576K
}
Event: 0.746 GC heap before
{Heap before GC invocations=8 (full 0):
 garbage-first heap   total 122880K, used 86162K [0x00000000c0000000, 0x0000000100000000)
  region size 1024K, 52 young (53248K), 6 survivors (6144K)
 Metaspace       used 5532K, capacity 5632K, committed 5888K, reserved 1056768K
  class space    used 464K, capacity 496K, committed 512K, reserved 1048576K
}

